<?xml version="1.0" encoding="UTF-8"?>
<testsuite xmlns:xsi="http://www.w3.org/2001/XMLSchema-instance" xsi:noNamespaceSchemaLocation="https://maven.apache.org/surefire/maven-surefire-plugin/xsd/surefire-test-report-3.0.xsd" version="3.0" name="dev.joemoser.jmdevbackend.ApplicationTests" time="5.601" tests="1" errors="0" skipped="0" failures="0">
  <properties>
[...]
</properties>
  <testcase name="contextLoads" classname="dev.joemoser.jmdevbackend.ApplicationTests" time="1.126">
    <system-out><![CDATA[18:44:12.835 [main] INFO org.springframework.test.context.support.AnnotationConfigContextLoaderUtils -- Could not detect default configuration classes for test class [dev.joemoser.jmdevbackend.ApplicationTests]: ApplicationTests does not declare any static, non-private, non-final, nested classes annotated with @Configuration.
18:44:13.065 [main] INFO org.springframework.boot.test.context.SpringBootTestContextBootstrapper -- Found @SpringBootConfiguration dev.joemoser.jmdevbackend.Application for test class dev.joemoser.jmdevbackend.ApplicationTests
18:44:13.379 [main] INFO org.springframework.boot.devtools.restart.RestartApplicationListener -- Restart disabled due to context in which it is running

  .   ____          _            __ _ _
 /\\ / ___'_ __ _ _(_)_ __  __ _ \ \ \ \
( ( )\___ | '_ | '_| | '_ \/ _` | \ \ \ \
 \\/  ___)| |_)| | | | | || (_| |  ) ) ) )
  '  |____| .__|_| |_|_| |_\__, | / / / /
 =========|_|==============|___/=/_/_/_/

 :: Spring Boot ::                (v3.3.1)

2024-08-15T18:44:13.916-04:00  INFO 1466301 --- [joemoser.dev Backend] [           main] m.p.springdotenv.DotenvPropertySource    : Initializing Dotenv with DotenvConfig{directory=null, filename=null, ignoreIfMalformed=false, ignoreIfMissing=true, systemProperties=false, prefix=null}
2024-08-15T18:44:13.956-04:00  INFO 1466301 --- [joemoser.dev Backend] [           main] d.j.jmdevbackend.ApplicationTests        : Starting ApplicationTests using Java 17.0.12 with PID 1466301 (started by coding in /home/coding/Desktop/Projects/joemoser.dev/backend/jmdevbackend)
2024-08-15T18:44:13.957-04:00  INFO 1466301 --- [joemoser.dev Backend] [           main] d.j.jmdevbackend.ApplicationTests        : No active profile set, falling back to 1 default profile: "default"
2024-08-15T18:44:14.751-04:00  INFO 1466301 --- [joemoser.dev Backend] [           main] .s.d.r.c.RepositoryConfigurationDelegate : Bootstrapping Spring Data MongoDB repositories in DEFAULT mode.
2024-08-15T18:44:14.825-04:00  INFO 1466301 --- [joemoser.dev Backend] [           main] .s.d.r.c.RepositoryConfigurationDelegate : Finished Spring Data repository scanning in 67 ms. Found 1 MongoDB repository interface.
2024-08-15T18:44:15.482-04:00  INFO 1466301 --- [joemoser.dev Backend] [           main] org.mongodb.driver.client                : MongoClient with metadata {"driver": {"name": "mongo-java-driver|sync|spring-boot", "version": "5.0.1"}, "os": {"type": "Linux", "name": "Linux", "architecture": "amd64", "version": "6.5.0-44-generic"}, "platform": "Java/Ubuntu/17.0.12+7-Ubuntu-1ubuntu222.04"} created with settings MongoClientSettings{readPreference=primary, writeConcern=WriteConcern{w=null, wTimeout=null ms, journal=null}, retryWrites=true, retryReads=true, readConcern=ReadConcern{level=null}, credential=MongoCredential{mechanism=null, userName='jmoser464', source='admin', password=<hidden>, mechanismProperties=<hidden>}, transportSettings=null, commandListeners=[], codecRegistry=ProvidersCodecRegistry{codecProviders=[ValueCodecProvider{}, BsonValueCodecProvider{}, DBRefCodecProvider{}, DBObjectCodecProvider{}, DocumentCodecProvider{}, CollectionCodecProvider{}, IterableCodecProvider{}, MapCodecProvider{}, GeoJsonCodecProvider{}, GridFSFileCodecProvider{}, Jsr310CodecProvider{}, JsonObjectCodecProvider{}, BsonCodecProvider{}, EnumCodecProvider{}, com.mongodb.client.model.mql.ExpressionCodecProvider@38b3f208, com.mongodb.Jep395RecordCodecProvider@6680f714, com.mongodb.KotlinCodecProvider@53b1a3f8]}, loggerSettings=LoggerSettings{maxDocumentLength=1000}, clusterSettings={hosts=[127.0.0.1:27017], srvHost=cluster0.6vxrh2s.mongodb.net, srvServiceName=mongodb, mode=MULTIPLE, requiredClusterType=REPLICA_SET, requiredReplicaSetName='atlas-rha24u-shard-0', serverSelector='null', clusterListeners='[]', serverSelectionTimeout='30000 ms', localThreshold='15 ms'}, socketSettings=SocketSettings{connectTimeoutMS=10000, readTimeoutMS=0, receiveBufferSize=0, proxySettings=ProxySettings{host=null, port=null, username=null, password=null}}, heartbeatSocketSettings=SocketSettings{connectTimeoutMS=10000, readTimeoutMS=10000, receiveBufferSize=0, proxySettings=ProxySettings{host=null, port=null, username=null, password=null}}, connectionPoolSettings=ConnectionPoolSettings{maxSize=100, minSize=0, maxWaitTimeMS=120000, maxConnectionLifeTimeMS=0, maxConnectionIdleTimeMS=0, maintenanceInitialDelayMS=0, maintenanceFrequencyMS=60000, connectionPoolListeners=[], maxConnecting=2}, serverSettings=ServerSettings{heartbeatFrequencyMS=10000, minHeartbeatFrequencyMS=500, serverListeners='[]', serverMonitorListeners='[]'}, sslSettings=SslSettings{enabled=true, invalidHostNameAllowed=false, context=null}, applicationName='null', compressorList=[], uuidRepresentation=JAVA_LEGACY, serverApi=null, autoEncryptionSettings=null, dnsClient=null, inetAddressResolver=null, contextProvider=null}
2024-08-15T18:44:15.499-04:00  INFO 1466301 --- [joemoser.dev Backend] [h2s.mongodb.net] org.mongodb.driver.cluster               : Adding discovered server ac-nohdd24-shard-00-01.6vxrh2s.mongodb.net:27017 to client view of cluster
2024-08-15T18:44:15.550-04:00  INFO 1466301 --- [joemoser.dev Backend] [h2s.mongodb.net] org.mongodb.driver.cluster               : Adding discovered server ac-nohdd24-shard-00-00.6vxrh2s.mongodb.net:27017 to client view of cluster
2024-08-15T18:44:15.559-04:00  INFO 1466301 --- [joemoser.dev Backend] [h2s.mongodb.net] org.mongodb.driver.cluster               : Adding discovered server ac-nohdd24-shard-00-02.6vxrh2s.mongodb.net:27017 to client view of cluster
2024-08-15T18:44:16.433-04:00  INFO 1466301 --- [joemoser.dev Backend] [ngodb.net:27017] org.mongodb.driver.cluster               : Monitor thread successfully connected to server with description ServerDescription{address=ac-nohdd24-shard-00-00.6vxrh2s.mongodb.net:27017, type=REPLICA_SET_SECONDARY, state=CONNECTED, ok=true, minWireVersion=0, maxWireVersion=21, maxDocumentSize=16777216, logicalSessionTimeoutMinutes=30, roundTripTimeNanos=413211150, setName='atlas-rha24u-shard-0', canonicalAddress=ac-nohdd24-shard-00-00.6vxrh2s.mongodb.net:27017, hosts=[ac-nohdd24-shard-00-02.6vxrh2s.mongodb.net:27017, ac-nohdd24-shard-00-00.6vxrh2s.mongodb.net:27017, ac-nohdd24-shard-00-01.6vxrh2s.mongodb.net:27017], passives=[], arbiters=[], primary='ac-nohdd24-shard-00-02.6vxrh2s.mongodb.net:27017', tagSet=TagSet{[Tag{name='availabilityZone', value='use1-az4'}, Tag{name='diskState', value='READY'}, Tag{name='nodeType', value='ELECTABLE'}, Tag{name='provider', value='AWS'}, Tag{name='region', value='US_EAST_1'}, Tag{name='workloadType', value='OPERATIONAL'}]}, electionId=null, setVersion=85, topologyVersion=TopologyVersion{processId=66bd8b32f1260340544280d8, counter=4}, lastWriteDate=Thu Aug 15 18:44:16 EDT 2024, lastUpdateTimeNanos=283250428158046}
2024-08-15T18:44:16.433-04:00  INFO 1466301 --- [joemoser.dev Backend] [ngodb.net:27017] org.mongodb.driver.cluster               : Monitor thread successfully connected to server with description ServerDescription{address=ac-nohdd24-shard-00-01.6vxrh2s.mongodb.net:27017, type=REPLICA_SET_SECONDARY, state=CONNECTED, ok=true, minWireVersion=0, maxWireVersion=21, maxDocumentSize=16777216, logicalSessionTimeoutMinutes=30, roundTripTimeNanos=419004672, setName='atlas-rha24u-shard-0', canonicalAddress=ac-nohdd24-shard-00-01.6vxrh2s.mongodb.net:27017, hosts=[ac-nohdd24-shard-00-02.6vxrh2s.mongodb.net:27017, ac-nohdd24-shard-00-00.6vxrh2s.mongodb.net:27017, ac-nohdd24-shard-00-01.6vxrh2s.mongodb.net:27017], passives=[], arbiters=[], primary='ac-nohdd24-shard-00-02.6vxrh2s.mongodb.net:27017', tagSet=TagSet{[Tag{name='availabilityZone', value='use1-az6'}, Tag{name='diskState', value='READY'}, Tag{name='nodeType', value='ELECTABLE'}, Tag{name='provider', value='AWS'}, Tag{name='region', value='US_EAST_1'}, Tag{name='workloadType', value='OPERATIONAL'}]}, electionId=null, setVersion=85, topologyVersion=TopologyVersion{processId=66bd8c59e647f7079fca9757, counter=3}, lastWriteDate=Thu Aug 15 18:44:16 EDT 2024, lastUpdateTimeNanos=283250434660947}
2024-08-15T18:44:16.433-04:00  INFO 1466301 --- [joemoser.dev Backend] [ngodb.net:27017] org.mongodb.driver.cluster               : Monitor thread successfully connected to server with description ServerDescription{address=ac-nohdd24-shard-00-02.6vxrh2s.mongodb.net:27017, type=REPLICA_SET_PRIMARY, state=CONNECTED, ok=true, minWireVersion=0, maxWireVersion=21, maxDocumentSize=16777216, logicalSessionTimeoutMinutes=30, roundTripTimeNanos=412953390, setName='atlas-rha24u-shard-0', canonicalAddress=ac-nohdd24-shard-00-02.6vxrh2s.mongodb.net:27017, hosts=[ac-nohdd24-shard-00-02.6vxrh2s.mongodb.net:27017, ac-nohdd24-shard-00-00.6vxrh2s.mongodb.net:27017, ac-nohdd24-shard-00-01.6vxrh2s.mongodb.net:27017], passives=[], arbiters=[], primary='ac-nohdd24-shard-00-02.6vxrh2s.mongodb.net:27017', tagSet=TagSet{[Tag{name='availabilityZone', value='use1-az1'}, Tag{name='diskState', value='READY'}, Tag{name='nodeType', value='ELECTABLE'}, Tag{name='provider', value='AWS'}, Tag{name='region', value='US_EAST_1'}, Tag{name='workloadType', value='OPERATIONAL'}]}, electionId=7fffffff0000000000000391, setVersion=85, topologyVersion=TopologyVersion{processId=66bd8a4df9359aee227a2447, counter=6}, lastWriteDate=Thu Aug 15 18:44:16 EDT 2024, lastUpdateTimeNanos=283250429190984}
2024-08-15T18:44:16.461-04:00  INFO 1466301 --- [joemoser.dev Backend] [ngodb.net:27017] org.mongodb.driver.cluster               : Discovered replica set primary ac-nohdd24-shard-00-02.6vxrh2s.mongodb.net:27017 with max election id 7fffffff0000000000000391 and max set version 85
2024-08-15T18:44:17.021-04:00  INFO 1466301 --- [joemoser.dev Backend] [           main] d.j.jmdevbackend.ApplicationTests        : Started ApplicationTests in 3.676 seconds (process running for 5.113)
]]></system-out>
  </testcase>
</testsuite>